2025-05-27T11:48:05.032-06:00  INFO 22068 --- [nobsv2] [main] com.example.nobsv2.Nobsv2Application     : Starting Nobsv2Application using Java 24 with PID 22068 (C:\Users\noxan\OneDrive\Escritorio\javaSpringBoot\nobsv2\target\classes started by noxan in C:\Users\noxan\OneDrive\Escritorio\javaSpringBoot\nobsv2)
2025-05-27T11:48:05.038-06:00  INFO 22068 --- [nobsv2] [main] com.example.nobsv2.Nobsv2Application     : No active profile set, falling back to 1 default profile: "default"
2025-05-27T11:48:07.107-06:00  INFO 22068 --- [nobsv2] [main] .s.d.r.c.RepositoryConfigurationDelegate : Bootstrapping Spring Data JPA repositories in DEFAULT mode.
2025-05-27T11:48:07.441-06:00  INFO 22068 --- [nobsv2] [main] .s.d.r.c.RepositoryConfigurationDelegate : Finished Spring Data repository scanning in 303 ms. Found 2 JPA repository interfaces.
2025-05-27T11:48:08.959-06:00  INFO 22068 --- [nobsv2] [main] o.s.b.w.embedded.tomcat.TomcatWebServer  : Tomcat initialized with port 8080 (http)
2025-05-27T11:48:09.007-06:00  INFO 22068 --- [nobsv2] [main] o.apache.catalina.core.StandardService   : Starting service [Tomcat]
2025-05-27T11:48:09.007-06:00  INFO 22068 --- [nobsv2] [main] o.apache.catalina.core.StandardEngine    : Starting Servlet engine: [Apache Tomcat/10.1.40]
2025-05-27T11:48:09.142-06:00  INFO 22068 --- [nobsv2] [main] o.a.c.c.C.[Tomcat].[localhost].[/]       : Initializing Spring embedded WebApplicationContext
2025-05-27T11:48:09.142-06:00  INFO 22068 --- [nobsv2] [main] w.s.c.ServletWebServerApplicationContext : Root WebApplicationContext: initialization completed in 3962 ms
2025-05-27T11:48:09.538-06:00  INFO 22068 --- [nobsv2] [main] com.zaxxer.hikari.HikariDataSource       : HikariPool-1 - Starting...
2025-05-27T11:48:10.849-06:00  INFO 22068 --- [nobsv2] [main] com.zaxxer.hikari.pool.HikariPool        : HikariPool-1 - Added connection com.mysql.cj.jdbc.ConnectionImpl@f2b90fc
2025-05-27T11:48:10.857-06:00  INFO 22068 --- [nobsv2] [main] com.zaxxer.hikari.HikariDataSource       : HikariPool-1 - Start completed.
2025-05-27T11:48:11.033-06:00  INFO 22068 --- [nobsv2] [main] o.hibernate.jpa.internal.util.LogHelper  : HHH000204: Processing PersistenceUnitInfo [name: default]
2025-05-27T11:48:11.244-06:00  INFO 22068 --- [nobsv2] [main] org.hibernate.Version                    : HHH000412: Hibernate ORM core version 6.6.13.Final
2025-05-27T11:48:11.375-06:00  INFO 22068 --- [nobsv2] [main] o.h.c.internal.RegionFactoryInitiator    : HHH000026: Second-level cache disabled
2025-05-27T11:48:12.086-06:00  INFO 22068 --- [nobsv2] [main] o.s.o.j.p.SpringPersistenceUnitInfo      : No LoadTimeWeaver setup: ignoring JPA class transformer
2025-05-27T11:48:12.265-06:00  INFO 22068 --- [nobsv2] [main] org.hibernate.orm.connections.pooling    : HHH10001005: Database info:
	Database JDBC URL [Connecting through datasource 'HikariDataSource (HikariPool-1)']
	Database driver: undefined/unknown
	Database version: 8.0.31
	Autocommit mode: undefined/unknown
	Isolation level: undefined/unknown
	Minimum pool size: undefined/unknown
	Maximum pool size: undefined/unknown
2025-05-27T11:48:13.783-06:00  INFO 22068 --- [nobsv2] [main] o.h.e.t.j.p.i.JtaPlatformInitiator       : HHH000489: No JTA platform available (set 'hibernate.transaction.jta.platform' to enable JTA platform integration)
2025-05-27T11:48:13.788-06:00  INFO 22068 --- [nobsv2] [main] j.LocalContainerEntityManagerFactoryBean : Initialized JPA EntityManagerFactory for persistence unit 'default'
2025-05-27T11:48:14.339-06:00  INFO 22068 --- [nobsv2] [main] o.s.d.j.r.query.QueryEnhancerFactory     : Hibernate is in classpath; If applicable, HQL parser will be used.
2025-05-27T11:48:15.588-06:00  WARN 22068 --- [nobsv2] [main] JpaBaseConfiguration$JpaWebConfiguration : spring.jpa.open-in-view is enabled by default. Therefore, database queries may be performed during view rendering. Explicitly configure spring.jpa.open-in-view to disable this warning
2025-05-27T11:48:16.284-06:00  INFO 22068 --- [nobsv2] [main] o.s.b.w.embedded.tomcat.TomcatWebServer  : Tomcat started on port 8080 (http) with context path '/'
2025-05-27T11:48:16.297-06:00  INFO 22068 --- [nobsv2] [main] com.example.nobsv2.Nobsv2Application     : Started Nobsv2Application in 12.625 seconds (process running for 13.693)
2025-05-27T11:48:20.101-06:00  INFO 22068 --- [nobsv2] [http-nio-8080-exec-1] o.a.c.c.C.[Tomcat].[localhost].[/]       : Initializing Spring DispatcherServlet 'dispatcherServlet'
2025-05-27T11:48:20.101-06:00  INFO 22068 --- [nobsv2] [http-nio-8080-exec-1] o.s.web.servlet.DispatcherServlet        : Initializing Servlet 'dispatcherServlet'
2025-05-27T11:48:20.103-06:00  INFO 22068 --- [nobsv2] [http-nio-8080-exec-1] o.s.web.servlet.DispatcherServlet        : Completed initialization in 1 ms
2025-05-27T11:48:20.183-06:00  INFO 22068 --- [nobsv2] [http-nio-8080-exec-1] c.e.n.p.services.GetProductService       : Executing class com.example.nobsv2.product.services.GetProductService input: 5
2025-05-27T11:48:20.282-06:00 ERROR 22068 --- [nobsv2] [http-nio-8080-exec-1] c.e.n.p.e.ProductNotFoundException       : Exception class com.example.nobsv2.product.exceptions.ProductNotFoundException thrown
2025-05-27T11:49:38.352-06:00  INFO 22068 --- [nobsv2] [SpringApplicationShutdownHook] o.s.b.w.e.tomcat.GracefulShutdown        : Commencing graceful shutdown. Waiting for active requests to complete
2025-05-27T11:49:38.372-06:00  INFO 22068 --- [nobsv2] [tomcat-shutdown] o.s.b.w.e.tomcat.GracefulShutdown        : Graceful shutdown complete
2025-05-27T11:49:38.376-06:00  INFO 22068 --- [nobsv2] [SpringApplicationShutdownHook] j.LocalContainerEntityManagerFactoryBean : Closing JPA EntityManagerFactory for persistence unit 'default'
2025-05-27T11:49:38.379-06:00  INFO 22068 --- [nobsv2] [SpringApplicationShutdownHook] com.zaxxer.hikari.HikariDataSource       : HikariPool-1 - Shutdown initiated...
2025-05-27T11:49:38.389-06:00  INFO 22068 --- [nobsv2] [SpringApplicationShutdownHook] com.zaxxer.hikari.HikariDataSource       : HikariPool-1 - Shutdown completed.
2025-05-27T16:19:28.479-06:00  INFO 9284 --- [nobsv2] [main] com.example.nobsv2.Nobsv2Application     : Starting Nobsv2Application using Java 24 with PID 9284 (C:\Users\noxan\OneDrive\Escritorio\javaSpringBoot\nobsv2\target\classes started by noxan in C:\Users\noxan\OneDrive\Escritorio\javaSpringBoot\nobsv2)
2025-05-27T16:19:28.485-06:00  INFO 9284 --- [nobsv2] [main] com.example.nobsv2.Nobsv2Application     : No active profile set, falling back to 1 default profile: "default"
2025-05-27T16:19:29.861-06:00  INFO 9284 --- [nobsv2] [main] .s.d.r.c.RepositoryConfigurationDelegate : Bootstrapping Spring Data JPA repositories in DEFAULT mode.
2025-05-27T16:19:30.016-06:00  INFO 9284 --- [nobsv2] [main] .s.d.r.c.RepositoryConfigurationDelegate : Finished Spring Data repository scanning in 134 ms. Found 2 JPA repository interfaces.
2025-05-27T16:19:30.957-06:00  INFO 9284 --- [nobsv2] [main] o.s.b.w.embedded.tomcat.TomcatWebServer  : Tomcat initialized with port 8080 (http)
2025-05-27T16:19:30.989-06:00  INFO 9284 --- [nobsv2] [main] o.apache.catalina.core.StandardService   : Starting service [Tomcat]
2025-05-27T16:19:30.990-06:00  INFO 9284 --- [nobsv2] [main] o.apache.catalina.core.StandardEngine    : Starting Servlet engine: [Apache Tomcat/10.1.40]
2025-05-27T16:19:31.101-06:00  INFO 9284 --- [nobsv2] [main] o.a.c.c.C.[Tomcat].[localhost].[/]       : Initializing Spring embedded WebApplicationContext
2025-05-27T16:19:31.102-06:00  INFO 9284 --- [nobsv2] [main] w.s.c.ServletWebServerApplicationContext : Root WebApplicationContext: initialization completed in 2494 ms
2025-05-27T16:19:31.354-06:00  INFO 9284 --- [nobsv2] [main] com.zaxxer.hikari.HikariDataSource       : HikariPool-1 - Starting...
2025-05-27T16:19:31.962-06:00  INFO 9284 --- [nobsv2] [main] com.zaxxer.hikari.pool.HikariPool        : HikariPool-1 - Added connection com.mysql.cj.jdbc.ConnectionImpl@251c4280
2025-05-27T16:19:31.966-06:00  INFO 9284 --- [nobsv2] [main] com.zaxxer.hikari.HikariDataSource       : HikariPool-1 - Start completed.
2025-05-27T16:19:32.066-06:00  INFO 9284 --- [nobsv2] [main] o.hibernate.jpa.internal.util.LogHelper  : HHH000204: Processing PersistenceUnitInfo [name: default]
2025-05-27T16:19:32.210-06:00  INFO 9284 --- [nobsv2] [main] org.hibernate.Version                    : HHH000412: Hibernate ORM core version 6.6.13.Final
2025-05-27T16:19:32.296-06:00  INFO 9284 --- [nobsv2] [main] o.h.c.internal.RegionFactoryInitiator    : HHH000026: Second-level cache disabled
2025-05-27T16:19:32.886-06:00  INFO 9284 --- [nobsv2] [main] o.s.o.j.p.SpringPersistenceUnitInfo      : No LoadTimeWeaver setup: ignoring JPA class transformer
2025-05-27T16:19:33.045-06:00  INFO 9284 --- [nobsv2] [main] org.hibernate.orm.connections.pooling    : HHH10001005: Database info:
	Database JDBC URL [Connecting through datasource 'HikariDataSource (HikariPool-1)']
	Database driver: undefined/unknown
	Database version: 8.0.31
	Autocommit mode: undefined/unknown
	Isolation level: undefined/unknown
	Minimum pool size: undefined/unknown
	Maximum pool size: undefined/unknown
2025-05-27T16:19:34.484-06:00  INFO 9284 --- [nobsv2] [main] o.h.e.t.j.p.i.JtaPlatformInitiator       : HHH000489: No JTA platform available (set 'hibernate.transaction.jta.platform' to enable JTA platform integration)
2025-05-27T16:19:34.488-06:00  INFO 9284 --- [nobsv2] [main] j.LocalContainerEntityManagerFactoryBean : Initialized JPA EntityManagerFactory for persistence unit 'default'
2025-05-27T16:19:35.015-06:00  INFO 9284 --- [nobsv2] [main] o.s.d.j.r.query.QueryEnhancerFactory     : Hibernate is in classpath; If applicable, HQL parser will be used.
2025-05-27T16:19:35.887-06:00  WARN 9284 --- [nobsv2] [main] JpaBaseConfiguration$JpaWebConfiguration : spring.jpa.open-in-view is enabled by default. Therefore, database queries may be performed during view rendering. Explicitly configure spring.jpa.open-in-view to disable this warning
2025-05-27T16:19:36.538-06:00  INFO 9284 --- [nobsv2] [main] o.s.b.w.embedded.tomcat.TomcatWebServer  : Tomcat started on port 8080 (http) with context path '/'
2025-05-27T16:19:36.553-06:00  INFO 9284 --- [nobsv2] [main] com.example.nobsv2.Nobsv2Application     : Started Nobsv2Application in 9.174 seconds (process running for 10.113)
2025-05-27T16:20:04.191-06:00  INFO 9284 --- [nobsv2] [http-nio-8080-exec-2] o.a.c.c.C.[Tomcat].[localhost].[/]       : Initializing Spring DispatcherServlet 'dispatcherServlet'
2025-05-27T16:20:04.192-06:00  INFO 9284 --- [nobsv2] [http-nio-8080-exec-2] o.s.web.servlet.DispatcherServlet        : Initializing Servlet 'dispatcherServlet'
2025-05-27T16:20:04.193-06:00  INFO 9284 --- [nobsv2] [http-nio-8080-exec-2] o.s.web.servlet.DispatcherServlet        : Completed initialization in 1 ms
2025-05-27T16:20:04.357-06:00  INFO 9284 --- [nobsv2] [http-nio-8080-exec-2] c.e.n.p.services.GetProductService       : Executing class com.example.nobsv2.product.services.UpdateProductService input: com.example.nobsv2.product.model.UpdateProductCommand@1e480acb
2025-05-27T16:20:04.497-06:00 ERROR 9284 --- [nobsv2] [http-nio-8080-exec-2] c.e.n.p.e.ProductNotFoundException       : Exception class com.example.nobsv2.product.exceptions.ProductNotValidException thrown
2025-05-27T16:20:29.018-06:00  INFO 9284 --- [nobsv2] [http-nio-8080-exec-4] c.e.n.p.services.GetProductService       : Executing class com.example.nobsv2.product.services.UpdateProductService input: com.example.nobsv2.product.model.UpdateProductCommand@79277520
2025-05-27T16:20:48.785-06:00  INFO 9284 --- [nobsv2] [SpringApplicationShutdownHook] o.s.b.w.e.tomcat.GracefulShutdown        : Commencing graceful shutdown. Waiting for active requests to complete
2025-05-27T16:20:48.804-06:00  INFO 9284 --- [nobsv2] [tomcat-shutdown] o.s.b.w.e.tomcat.GracefulShutdown        : Graceful shutdown complete
2025-05-27T16:20:48.807-06:00  INFO 9284 --- [nobsv2] [SpringApplicationShutdownHook] j.LocalContainerEntityManagerFactoryBean : Closing JPA EntityManagerFactory for persistence unit 'default'
2025-05-27T16:20:48.810-06:00  INFO 9284 --- [nobsv2] [SpringApplicationShutdownHook] com.zaxxer.hikari.HikariDataSource       : HikariPool-1 - Shutdown initiated...
2025-05-27T16:20:48.820-06:00  INFO 9284 --- [nobsv2] [SpringApplicationShutdownHook] com.zaxxer.hikari.HikariDataSource       : HikariPool-1 - Shutdown completed.
2025-05-27T16:43:10.494-06:00  INFO 3368 --- [nobsv2] [main] com.example.nobsv2.Nobsv2Application     : Starting Nobsv2Application using Java 24 with PID 3368 (C:\Users\noxan\OneDrive\Escritorio\javaSpringBoot\nobsv2\target\classes started by noxan in C:\Users\noxan\OneDrive\Escritorio\javaSpringBoot\nobsv2)
2025-05-27T16:43:10.498-06:00  INFO 3368 --- [nobsv2] [main] com.example.nobsv2.Nobsv2Application     : No active profile set, falling back to 1 default profile: "default"
2025-05-27T16:43:12.147-06:00  INFO 3368 --- [nobsv2] [main] .s.d.r.c.RepositoryConfigurationDelegate : Bootstrapping Spring Data JPA repositories in DEFAULT mode.
2025-05-27T16:43:12.361-06:00  INFO 3368 --- [nobsv2] [main] .s.d.r.c.RepositoryConfigurationDelegate : Finished Spring Data repository scanning in 191 ms. Found 2 JPA repository interfaces.
2025-05-27T16:43:13.408-06:00  INFO 3368 --- [nobsv2] [main] o.s.b.w.embedded.tomcat.TomcatWebServer  : Tomcat initialized with port 8080 (http)
2025-05-27T16:43:13.441-06:00  INFO 3368 --- [nobsv2] [main] o.apache.catalina.core.StandardService   : Starting service [Tomcat]
2025-05-27T16:43:13.442-06:00  INFO 3368 --- [nobsv2] [main] o.apache.catalina.core.StandardEngine    : Starting Servlet engine: [Apache Tomcat/10.1.40]
2025-05-27T16:43:13.578-06:00  INFO 3368 --- [nobsv2] [main] o.a.c.c.C.[Tomcat].[localhost].[/]       : Initializing Spring embedded WebApplicationContext
2025-05-27T16:43:13.579-06:00  INFO 3368 --- [nobsv2] [main] w.s.c.ServletWebServerApplicationContext : Root WebApplicationContext: initialization completed in 2952 ms
2025-05-27T16:43:13.843-06:00  INFO 3368 --- [nobsv2] [main] com.zaxxer.hikari.HikariDataSource       : HikariPool-1 - Starting...
2025-05-27T16:43:14.640-06:00  INFO 3368 --- [nobsv2] [main] com.zaxxer.hikari.pool.HikariPool        : HikariPool-1 - Added connection com.mysql.cj.jdbc.ConnectionImpl@79a13920
2025-05-27T16:43:14.645-06:00  INFO 3368 --- [nobsv2] [main] com.zaxxer.hikari.HikariDataSource       : HikariPool-1 - Start completed.
2025-05-27T16:43:14.745-06:00  INFO 3368 --- [nobsv2] [main] o.hibernate.jpa.internal.util.LogHelper  : HHH000204: Processing PersistenceUnitInfo [name: default]
2025-05-27T16:43:14.867-06:00  INFO 3368 --- [nobsv2] [main] org.hibernate.Version                    : HHH000412: Hibernate ORM core version 6.6.13.Final
2025-05-27T16:43:14.950-06:00  INFO 3368 --- [nobsv2] [main] o.h.c.internal.RegionFactoryInitiator    : HHH000026: Second-level cache disabled
2025-05-27T16:43:15.530-06:00  INFO 3368 --- [nobsv2] [main] o.s.o.j.p.SpringPersistenceUnitInfo      : No LoadTimeWeaver setup: ignoring JPA class transformer
2025-05-27T16:43:15.720-06:00  INFO 3368 --- [nobsv2] [main] org.hibernate.orm.connections.pooling    : HHH10001005: Database info:
	Database JDBC URL [Connecting through datasource 'HikariDataSource (HikariPool-1)']
	Database driver: undefined/unknown
	Database version: 8.0.31
	Autocommit mode: undefined/unknown
	Isolation level: undefined/unknown
	Minimum pool size: undefined/unknown
	Maximum pool size: undefined/unknown
2025-05-27T16:43:16.991-06:00  INFO 3368 --- [nobsv2] [main] o.h.e.t.j.p.i.JtaPlatformInitiator       : HHH000489: No JTA platform available (set 'hibernate.transaction.jta.platform' to enable JTA platform integration)
2025-05-27T16:43:16.995-06:00  INFO 3368 --- [nobsv2] [main] j.LocalContainerEntityManagerFactoryBean : Initialized JPA EntityManagerFactory for persistence unit 'default'
2025-05-27T16:43:17.483-06:00  INFO 3368 --- [nobsv2] [main] o.s.d.j.r.query.QueryEnhancerFactory     : Hibernate is in classpath; If applicable, HQL parser will be used.
2025-05-27T16:43:18.430-06:00  WARN 3368 --- [nobsv2] [main] JpaBaseConfiguration$JpaWebConfiguration : spring.jpa.open-in-view is enabled by default. Therefore, database queries may be performed during view rendering. Explicitly configure spring.jpa.open-in-view to disable this warning
2025-05-27T16:43:19.124-06:00  INFO 3368 --- [nobsv2] [main] o.s.b.w.embedded.tomcat.TomcatWebServer  : Tomcat started on port 8080 (http) with context path '/'
2025-05-27T16:43:19.141-06:00  INFO 3368 --- [nobsv2] [main] com.example.nobsv2.Nobsv2Application     : Started Nobsv2Application in 9.815 seconds (process running for 10.861)
2025-05-27T16:43:30.115-06:00  INFO 3368 --- [nobsv2] [http-nio-8080-exec-2] o.a.c.c.C.[Tomcat].[localhost].[/]       : Initializing Spring DispatcherServlet 'dispatcherServlet'
2025-05-27T16:43:30.115-06:00  INFO 3368 --- [nobsv2] [http-nio-8080-exec-2] o.s.web.servlet.DispatcherServlet        : Initializing Servlet 'dispatcherServlet'
2025-05-27T16:43:30.116-06:00  INFO 3368 --- [nobsv2] [http-nio-8080-exec-2] o.s.web.servlet.DispatcherServlet        : Completed initialization in 1 ms
2025-05-27T16:43:30.170-06:00  INFO 3368 --- [nobsv2] [http-nio-8080-exec-2] c.e.n.p.services.GetProductService       : Executing class com.example.nobsv2.product.services.GetProductService input: 4
2025-05-27T16:43:32.211-06:00  INFO 3368 --- [nobsv2] [http-nio-8080-exec-3] c.e.n.p.services.GetProductService       : Executing class com.example.nobsv2.product.services.GetProductService input: 4
2025-05-27T16:43:33.560-06:00  INFO 3368 --- [nobsv2] [http-nio-8080-exec-4] c.e.n.p.services.GetProductService       : Executing class com.example.nobsv2.product.services.GetProductService input: 4
2025-05-27T16:43:34.744-06:00  INFO 3368 --- [nobsv2] [http-nio-8080-exec-5] c.e.n.p.services.GetProductService       : Executing class com.example.nobsv2.product.services.GetProductService input: 4
2025-05-27T16:43:36.226-06:00  INFO 3368 --- [nobsv2] [http-nio-8080-exec-6] c.e.n.p.services.GetProductService       : Executing class com.example.nobsv2.product.services.GetProductService input: 4
2025-05-27T16:43:37.227-06:00  INFO 3368 --- [nobsv2] [http-nio-8080-exec-7] c.e.n.p.services.GetProductService       : Executing class com.example.nobsv2.product.services.GetProductService input: 4
2025-05-27T16:43:39.763-06:00  INFO 3368 --- [nobsv2] [SpringApplicationShutdownHook] o.s.b.w.e.tomcat.GracefulShutdown        : Commencing graceful shutdown. Waiting for active requests to complete
2025-05-27T16:43:39.789-06:00  INFO 3368 --- [nobsv2] [tomcat-shutdown] o.s.b.w.e.tomcat.GracefulShutdown        : Graceful shutdown complete
2025-05-27T16:43:39.794-06:00  INFO 3368 --- [nobsv2] [SpringApplicationShutdownHook] j.LocalContainerEntityManagerFactoryBean : Closing JPA EntityManagerFactory for persistence unit 'default'
2025-05-27T16:43:39.797-06:00  INFO 3368 --- [nobsv2] [SpringApplicationShutdownHook] com.zaxxer.hikari.HikariDataSource       : HikariPool-1 - Shutdown initiated...
2025-05-27T16:43:39.810-06:00  INFO 3368 --- [nobsv2] [SpringApplicationShutdownHook] com.zaxxer.hikari.HikariDataSource       : HikariPool-1 - Shutdown completed.
2025-05-27T16:43:57.758-06:00  INFO 5540 --- [nobsv2] [main] com.example.nobsv2.Nobsv2Application     : Starting Nobsv2Application using Java 24 with PID 5540 (C:\Users\noxan\OneDrive\Escritorio\javaSpringBoot\nobsv2\target\classes started by noxan in C:\Users\noxan\OneDrive\Escritorio\javaSpringBoot\nobsv2)
2025-05-27T16:43:57.763-06:00  INFO 5540 --- [nobsv2] [main] com.example.nobsv2.Nobsv2Application     : No active profile set, falling back to 1 default profile: "default"
2025-05-27T16:43:59.237-06:00  INFO 5540 --- [nobsv2] [main] .s.d.r.c.RepositoryConfigurationDelegate : Bootstrapping Spring Data JPA repositories in DEFAULT mode.
2025-05-27T16:43:59.394-06:00  INFO 5540 --- [nobsv2] [main] .s.d.r.c.RepositoryConfigurationDelegate : Finished Spring Data repository scanning in 127 ms. Found 2 JPA repository interfaces.
2025-05-27T16:44:00.313-06:00  INFO 5540 --- [nobsv2] [main] o.s.b.w.embedded.tomcat.TomcatWebServer  : Tomcat initialized with port 8080 (http)
2025-05-27T16:44:00.338-06:00  INFO 5540 --- [nobsv2] [main] o.apache.catalina.core.StandardService   : Starting service [Tomcat]
2025-05-27T16:44:00.339-06:00  INFO 5540 --- [nobsv2] [main] o.apache.catalina.core.StandardEngine    : Starting Servlet engine: [Apache Tomcat/10.1.40]
2025-05-27T16:44:00.449-06:00  INFO 5540 --- [nobsv2] [main] o.a.c.c.C.[Tomcat].[localhost].[/]       : Initializing Spring embedded WebApplicationContext
2025-05-27T16:44:00.450-06:00  INFO 5540 --- [nobsv2] [main] w.s.c.ServletWebServerApplicationContext : Root WebApplicationContext: initialization completed in 2575 ms
2025-05-27T16:44:00.694-06:00  INFO 5540 --- [nobsv2] [main] com.zaxxer.hikari.HikariDataSource       : HikariPool-1 - Starting...
2025-05-27T16:44:01.341-06:00  INFO 5540 --- [nobsv2] [main] com.zaxxer.hikari.pool.HikariPool        : HikariPool-1 - Added connection com.mysql.cj.jdbc.ConnectionImpl@65c5bf0e
2025-05-27T16:44:01.345-06:00  INFO 5540 --- [nobsv2] [main] com.zaxxer.hikari.HikariDataSource       : HikariPool-1 - Start completed.
2025-05-27T16:44:01.445-06:00  INFO 5540 --- [nobsv2] [main] o.hibernate.jpa.internal.util.LogHelper  : HHH000204: Processing PersistenceUnitInfo [name: default]
2025-05-27T16:44:01.601-06:00  INFO 5540 --- [nobsv2] [main] org.hibernate.Version                    : HHH000412: Hibernate ORM core version 6.6.13.Final
2025-05-27T16:44:01.674-06:00  INFO 5540 --- [nobsv2] [main] o.h.c.internal.RegionFactoryInitiator    : HHH000026: Second-level cache disabled
2025-05-27T16:44:02.289-06:00  INFO 5540 --- [nobsv2] [main] o.s.o.j.p.SpringPersistenceUnitInfo      : No LoadTimeWeaver setup: ignoring JPA class transformer
2025-05-27T16:44:02.444-06:00  INFO 5540 --- [nobsv2] [main] org.hibernate.orm.connections.pooling    : HHH10001005: Database info:
	Database JDBC URL [Connecting through datasource 'HikariDataSource (HikariPool-1)']
	Database driver: undefined/unknown
	Database version: 8.0.31
	Autocommit mode: undefined/unknown
	Isolation level: undefined/unknown
	Minimum pool size: undefined/unknown
	Maximum pool size: undefined/unknown
2025-05-27T16:44:03.758-06:00  INFO 5540 --- [nobsv2] [main] o.h.e.t.j.p.i.JtaPlatformInitiator       : HHH000489: No JTA platform available (set 'hibernate.transaction.jta.platform' to enable JTA platform integration)
2025-05-27T16:44:03.762-06:00  INFO 5540 --- [nobsv2] [main] j.LocalContainerEntityManagerFactoryBean : Initialized JPA EntityManagerFactory for persistence unit 'default'
2025-05-27T16:44:04.398-06:00  INFO 5540 --- [nobsv2] [main] o.s.d.j.r.query.QueryEnhancerFactory     : Hibernate is in classpath; If applicable, HQL parser will be used.
2025-05-27T16:44:05.275-06:00  WARN 5540 --- [nobsv2] [main] JpaBaseConfiguration$JpaWebConfiguration : spring.jpa.open-in-view is enabled by default. Therefore, database queries may be performed during view rendering. Explicitly configure spring.jpa.open-in-view to disable this warning
2025-05-27T16:44:05.886-06:00  INFO 5540 --- [nobsv2] [main] o.s.b.w.embedded.tomcat.TomcatWebServer  : Tomcat started on port 8080 (http) with context path '/'
2025-05-27T16:44:05.899-06:00  INFO 5540 --- [nobsv2] [main] com.example.nobsv2.Nobsv2Application     : Started Nobsv2Application in 9.06 seconds (process running for 9.849)
2025-05-27T16:44:08.848-06:00  INFO 5540 --- [nobsv2] [http-nio-8080-exec-1] o.a.c.c.C.[Tomcat].[localhost].[/]       : Initializing Spring DispatcherServlet 'dispatcherServlet'
2025-05-27T16:44:08.848-06:00  INFO 5540 --- [nobsv2] [http-nio-8080-exec-1] o.s.web.servlet.DispatcherServlet        : Initializing Servlet 'dispatcherServlet'
2025-05-27T16:44:08.849-06:00  INFO 5540 --- [nobsv2] [http-nio-8080-exec-1] o.s.web.servlet.DispatcherServlet        : Completed initialization in 1 ms
2025-05-27T16:44:08.899-06:00  INFO 5540 --- [nobsv2] [http-nio-8080-exec-1] c.e.n.p.services.GetProductService       : Executing class com.example.nobsv2.product.services.GetProductService input: 4
2025-05-27T16:44:09.979-06:00  INFO 5540 --- [nobsv2] [http-nio-8080-exec-3] c.e.n.p.services.GetProductService       : Executing class com.example.nobsv2.product.services.GetProductService input: 4
2025-05-27T16:44:10.851-06:00  INFO 5540 --- [nobsv2] [http-nio-8080-exec-4] c.e.n.p.services.GetProductService       : Executing class com.example.nobsv2.product.services.GetProductService input: 4
2025-05-27T16:44:11.636-06:00  INFO 5540 --- [nobsv2] [http-nio-8080-exec-5] c.e.n.p.services.GetProductService       : Executing class com.example.nobsv2.product.services.GetProductService input: 4
2025-05-27T16:44:13.480-06:00  INFO 5540 --- [nobsv2] [SpringApplicationShutdownHook] o.s.b.w.e.tomcat.GracefulShutdown        : Commencing graceful shutdown. Waiting for active requests to complete
2025-05-27T16:44:13.504-06:00  INFO 5540 --- [nobsv2] [tomcat-shutdown] o.s.b.w.e.tomcat.GracefulShutdown        : Graceful shutdown complete
2025-05-27T16:44:13.510-06:00  INFO 5540 --- [nobsv2] [SpringApplicationShutdownHook] j.LocalContainerEntityManagerFactoryBean : Closing JPA EntityManagerFactory for persistence unit 'default'
2025-05-27T16:44:13.514-06:00  INFO 5540 --- [nobsv2] [SpringApplicationShutdownHook] com.zaxxer.hikari.HikariDataSource       : HikariPool-1 - Shutdown initiated...
2025-05-27T16:44:13.525-06:00  INFO 5540 --- [nobsv2] [SpringApplicationShutdownHook] com.zaxxer.hikari.HikariDataSource       : HikariPool-1 - Shutdown completed.
2025-05-27T16:47:20.176-06:00  INFO 28172 --- [nobsv2] [main] com.example.nobsv2.Nobsv2Application     : Starting Nobsv2Application using Java 24 with PID 28172 (C:\Users\noxan\OneDrive\Escritorio\javaSpringBoot\nobsv2\target\classes started by noxan in C:\Users\noxan\OneDrive\Escritorio\javaSpringBoot\nobsv2)
2025-05-27T16:47:20.182-06:00  INFO 28172 --- [nobsv2] [main] com.example.nobsv2.Nobsv2Application     : No active profile set, falling back to 1 default profile: "default"
2025-05-27T16:47:21.809-06:00  INFO 28172 --- [nobsv2] [main] .s.d.r.c.RepositoryConfigurationDelegate : Bootstrapping Spring Data JPA repositories in DEFAULT mode.
2025-05-27T16:47:21.963-06:00  INFO 28172 --- [nobsv2] [main] .s.d.r.c.RepositoryConfigurationDelegate : Finished Spring Data repository scanning in 134 ms. Found 2 JPA repository interfaces.
2025-05-27T16:47:23.061-06:00  INFO 28172 --- [nobsv2] [main] o.s.b.w.embedded.tomcat.TomcatWebServer  : Tomcat initialized with port 8080 (http)
2025-05-27T16:47:23.088-06:00  INFO 28172 --- [nobsv2] [main] o.apache.catalina.core.StandardService   : Starting service [Tomcat]
2025-05-27T16:47:23.089-06:00  INFO 28172 --- [nobsv2] [main] o.apache.catalina.core.StandardEngine    : Starting Servlet engine: [Apache Tomcat/10.1.40]
2025-05-27T16:47:23.188-06:00  INFO 28172 --- [nobsv2] [main] o.a.c.c.C.[Tomcat].[localhost].[/]       : Initializing Spring embedded WebApplicationContext
2025-05-27T16:47:23.188-06:00  INFO 28172 --- [nobsv2] [main] w.s.c.ServletWebServerApplicationContext : Root WebApplicationContext: initialization completed in 2866 ms
2025-05-27T16:47:23.470-06:00  INFO 28172 --- [nobsv2] [main] com.zaxxer.hikari.HikariDataSource       : HikariPool-1 - Starting...
2025-05-27T16:47:24.166-06:00  INFO 28172 --- [nobsv2] [main] com.zaxxer.hikari.pool.HikariPool        : HikariPool-1 - Added connection com.mysql.cj.jdbc.ConnectionImpl@4c531172
2025-05-27T16:47:24.170-06:00  INFO 28172 --- [nobsv2] [main] com.zaxxer.hikari.HikariDataSource       : HikariPool-1 - Start completed.
2025-05-27T16:47:24.284-06:00  INFO 28172 --- [nobsv2] [main] o.hibernate.jpa.internal.util.LogHelper  : HHH000204: Processing PersistenceUnitInfo [name: default]
2025-05-27T16:47:24.394-06:00  INFO 28172 --- [nobsv2] [main] org.hibernate.Version                    : HHH000412: Hibernate ORM core version 6.6.13.Final
2025-05-27T16:47:24.478-06:00  INFO 28172 --- [nobsv2] [main] o.h.c.internal.RegionFactoryInitiator    : HHH000026: Second-level cache disabled
2025-05-27T16:47:25.106-06:00  INFO 28172 --- [nobsv2] [main] o.s.o.j.p.SpringPersistenceUnitInfo      : No LoadTimeWeaver setup: ignoring JPA class transformer
2025-05-27T16:47:25.260-06:00  INFO 28172 --- [nobsv2] [main] org.hibernate.orm.connections.pooling    : HHH10001005: Database info:
	Database JDBC URL [Connecting through datasource 'HikariDataSource (HikariPool-1)']
	Database driver: undefined/unknown
	Database version: 8.0.31
	Autocommit mode: undefined/unknown
	Isolation level: undefined/unknown
	Minimum pool size: undefined/unknown
	Maximum pool size: undefined/unknown
2025-05-27T16:47:26.642-06:00  INFO 28172 --- [nobsv2] [main] o.h.e.t.j.p.i.JtaPlatformInitiator       : HHH000489: No JTA platform available (set 'hibernate.transaction.jta.platform' to enable JTA platform integration)
2025-05-27T16:47:26.646-06:00  INFO 28172 --- [nobsv2] [main] j.LocalContainerEntityManagerFactoryBean : Initialized JPA EntityManagerFactory for persistence unit 'default'
2025-05-27T16:47:27.201-06:00  INFO 28172 --- [nobsv2] [main] o.s.d.j.r.query.QueryEnhancerFactory     : Hibernate is in classpath; If applicable, HQL parser will be used.
2025-05-27T16:47:28.419-06:00  WARN 28172 --- [nobsv2] [main] JpaBaseConfiguration$JpaWebConfiguration : spring.jpa.open-in-view is enabled by default. Therefore, database queries may be performed during view rendering. Explicitly configure spring.jpa.open-in-view to disable this warning
2025-05-27T16:47:29.272-06:00  INFO 28172 --- [nobsv2] [main] o.s.b.w.embedded.tomcat.TomcatWebServer  : Tomcat started on port 8080 (http) with context path '/'
2025-05-27T16:47:29.285-06:00  INFO 28172 --- [nobsv2] [main] com.example.nobsv2.Nobsv2Application     : Started Nobsv2Application in 10.152 seconds (process running for 11.002)
2025-05-27T16:47:34.515-06:00  INFO 28172 --- [nobsv2] [http-nio-8080-exec-2] o.a.c.c.C.[Tomcat].[localhost].[/]       : Initializing Spring DispatcherServlet 'dispatcherServlet'
2025-05-27T16:47:34.516-06:00  INFO 28172 --- [nobsv2] [http-nio-8080-exec-2] o.s.web.servlet.DispatcherServlet        : Initializing Servlet 'dispatcherServlet'
2025-05-27T16:47:34.517-06:00  INFO 28172 --- [nobsv2] [http-nio-8080-exec-2] o.s.web.servlet.DispatcherServlet        : Completed initialization in 1 ms
2025-05-27T16:47:34.604-06:00  INFO 28172 --- [nobsv2] [http-nio-8080-exec-2] c.e.n.p.services.GetProductService       : Executing class com.example.nobsv2.product.services.GetProductService input: 4
2025-05-27T16:50:12.545-06:00  INFO 28172 --- [nobsv2] [http-nio-8080-exec-1] c.e.n.p.services.GetProductService       : Executing class com.example.nobsv2.product.services.UpdateProductService input: com.example.nobsv2.product.model.UpdateProductCommand@c12e438
2025-05-27T16:55:29.898-06:00  INFO 28172 --- [nobsv2] [SpringApplicationShutdownHook] o.s.b.w.e.tomcat.GracefulShutdown        : Commencing graceful shutdown. Waiting for active requests to complete
2025-05-27T16:55:29.918-06:00  INFO 28172 --- [nobsv2] [tomcat-shutdown] o.s.b.w.e.tomcat.GracefulShutdown        : Graceful shutdown complete
2025-05-27T16:55:29.922-06:00  INFO 28172 --- [nobsv2] [SpringApplicationShutdownHook] j.LocalContainerEntityManagerFactoryBean : Closing JPA EntityManagerFactory for persistence unit 'default'
2025-05-27T16:55:29.924-06:00  INFO 28172 --- [nobsv2] [SpringApplicationShutdownHook] com.zaxxer.hikari.HikariDataSource       : HikariPool-1 - Shutdown initiated...
2025-05-27T16:55:29.933-06:00  INFO 28172 --- [nobsv2] [SpringApplicationShutdownHook] com.zaxxer.hikari.HikariDataSource       : HikariPool-1 - Shutdown completed.
2025-05-27T16:56:23.650-06:00  INFO 24928 --- [nobsv2] [main] com.example.nobsv2.Nobsv2Application     : Starting Nobsv2Application using Java 24 with PID 24928 (C:\Users\noxan\OneDrive\Escritorio\javaSpringBoot\nobsv2\target\classes started by noxan in C:\Users\noxan\OneDrive\Escritorio\javaSpringBoot\nobsv2)
2025-05-27T16:56:23.656-06:00  INFO 24928 --- [nobsv2] [main] com.example.nobsv2.Nobsv2Application     : No active profile set, falling back to 1 default profile: "default"
2025-05-27T16:56:25.208-06:00  INFO 24928 --- [nobsv2] [main] .s.d.r.c.RepositoryConfigurationDelegate : Bootstrapping Spring Data JPA repositories in DEFAULT mode.
2025-05-27T16:56:25.351-06:00  INFO 24928 --- [nobsv2] [main] .s.d.r.c.RepositoryConfigurationDelegate : Finished Spring Data repository scanning in 124 ms. Found 2 JPA repository interfaces.
2025-05-27T16:56:26.317-06:00  INFO 24928 --- [nobsv2] [main] o.s.b.w.embedded.tomcat.TomcatWebServer  : Tomcat initialized with port 8080 (http)
2025-05-27T16:56:26.340-06:00  INFO 24928 --- [nobsv2] [main] o.apache.catalina.core.StandardService   : Starting service [Tomcat]
2025-05-27T16:56:26.341-06:00  INFO 24928 --- [nobsv2] [main] o.apache.catalina.core.StandardEngine    : Starting Servlet engine: [Apache Tomcat/10.1.40]
2025-05-27T16:56:26.443-06:00  INFO 24928 --- [nobsv2] [main] o.a.c.c.C.[Tomcat].[localhost].[/]       : Initializing Spring embedded WebApplicationContext
2025-05-27T16:56:26.444-06:00  INFO 24928 --- [nobsv2] [main] w.s.c.ServletWebServerApplicationContext : Root WebApplicationContext: initialization completed in 2643 ms
2025-05-27T16:56:26.712-06:00  INFO 24928 --- [nobsv2] [main] com.zaxxer.hikari.HikariDataSource       : HikariPool-1 - Starting...
2025-05-27T16:56:27.389-06:00  INFO 24928 --- [nobsv2] [main] com.zaxxer.hikari.pool.HikariPool        : HikariPool-1 - Added connection com.mysql.cj.jdbc.ConnectionImpl@db99785
2025-05-27T16:56:27.392-06:00  INFO 24928 --- [nobsv2] [main] com.zaxxer.hikari.HikariDataSource       : HikariPool-1 - Start completed.
2025-05-27T16:56:27.485-06:00  INFO 24928 --- [nobsv2] [main] o.hibernate.jpa.internal.util.LogHelper  : HHH000204: Processing PersistenceUnitInfo [name: default]
2025-05-27T16:56:27.587-06:00  INFO 24928 --- [nobsv2] [main] org.hibernate.Version                    : HHH000412: Hibernate ORM core version 6.6.13.Final
2025-05-27T16:56:27.672-06:00  INFO 24928 --- [nobsv2] [main] o.h.c.internal.RegionFactoryInitiator    : HHH000026: Second-level cache disabled
2025-05-27T16:56:28.292-06:00  INFO 24928 --- [nobsv2] [main] o.s.o.j.p.SpringPersistenceUnitInfo      : No LoadTimeWeaver setup: ignoring JPA class transformer
2025-05-27T16:56:28.460-06:00  INFO 24928 --- [nobsv2] [main] org.hibernate.orm.connections.pooling    : HHH10001005: Database info:
	Database JDBC URL [Connecting through datasource 'HikariDataSource (HikariPool-1)']
	Database driver: undefined/unknown
	Database version: 8.0.31
	Autocommit mode: undefined/unknown
	Isolation level: undefined/unknown
	Minimum pool size: undefined/unknown
	Maximum pool size: undefined/unknown
2025-05-27T16:56:29.831-06:00  INFO 24928 --- [nobsv2] [main] o.h.e.t.j.p.i.JtaPlatformInitiator       : HHH000489: No JTA platform available (set 'hibernate.transaction.jta.platform' to enable JTA platform integration)
2025-05-27T16:56:29.837-06:00  INFO 24928 --- [nobsv2] [main] j.LocalContainerEntityManagerFactoryBean : Initialized JPA EntityManagerFactory for persistence unit 'default'
2025-05-27T16:56:30.612-06:00  INFO 24928 --- [nobsv2] [main] o.s.d.j.r.query.QueryEnhancerFactory     : Hibernate is in classpath; If applicable, HQL parser will be used.
2025-05-27T16:56:31.675-06:00  WARN 24928 --- [nobsv2] [main] JpaBaseConfiguration$JpaWebConfiguration : spring.jpa.open-in-view is enabled by default. Therefore, database queries may be performed during view rendering. Explicitly configure spring.jpa.open-in-view to disable this warning
2025-05-27T16:56:32.436-06:00  INFO 24928 --- [nobsv2] [main] o.s.b.w.embedded.tomcat.TomcatWebServer  : Tomcat started on port 8080 (http) with context path '/'
2025-05-27T16:56:32.449-06:00  INFO 24928 --- [nobsv2] [main] com.example.nobsv2.Nobsv2Application     : Started Nobsv2Application in 9.994 seconds (process running for 10.879)
2025-05-27T16:56:38.373-06:00  INFO 24928 --- [nobsv2] [http-nio-8080-exec-2] o.a.c.c.C.[Tomcat].[localhost].[/]       : Initializing Spring DispatcherServlet 'dispatcherServlet'
2025-05-27T16:56:38.373-06:00  INFO 24928 --- [nobsv2] [http-nio-8080-exec-2] o.s.web.servlet.DispatcherServlet        : Initializing Servlet 'dispatcherServlet'
2025-05-27T16:56:38.375-06:00  INFO 24928 --- [nobsv2] [http-nio-8080-exec-2] o.s.web.servlet.DispatcherServlet        : Completed initialization in 1 ms
2025-05-27T16:56:38.453-06:00  INFO 24928 --- [nobsv2] [http-nio-8080-exec-2] c.e.n.p.services.GetProductService       : Executing class com.example.nobsv2.product.services.GetProductService input: 4
2025-05-27T16:57:36.697-06:00  INFO 24928 --- [nobsv2] [http-nio-8080-exec-5] c.e.n.p.services.GetProductService       : Executing class com.example.nobsv2.product.services.UpdateProductService input: com.example.nobsv2.product.model.UpdateProductCommand@523a72a4
2025-05-27T16:57:40.759-06:00  INFO 24928 --- [nobsv2] [http-nio-8080-exec-6] c.e.n.p.services.GetProductService       : Executing class com.example.nobsv2.product.services.GetProductService input: 4
2025-05-27T16:59:33.190-06:00  INFO 24928 --- [nobsv2] [SpringApplicationShutdownHook] o.s.b.w.e.tomcat.GracefulShutdown        : Commencing graceful shutdown. Waiting for active requests to complete
2025-05-27T16:59:33.210-06:00  INFO 24928 --- [nobsv2] [tomcat-shutdown] o.s.b.w.e.tomcat.GracefulShutdown        : Graceful shutdown complete
2025-05-27T16:59:33.213-06:00  INFO 24928 --- [nobsv2] [SpringApplicationShutdownHook] j.LocalContainerEntityManagerFactoryBean : Closing JPA EntityManagerFactory for persistence unit 'default'
2025-05-27T16:59:33.215-06:00  INFO 24928 --- [nobsv2] [SpringApplicationShutdownHook] com.zaxxer.hikari.HikariDataSource       : HikariPool-1 - Shutdown initiated...
2025-05-27T16:59:33.225-06:00  INFO 24928 --- [nobsv2] [SpringApplicationShutdownHook] com.zaxxer.hikari.HikariDataSource       : HikariPool-1 - Shutdown completed.
2025-05-27T17:04:22.972-06:00  INFO 29512 --- [nobsv2] [main] com.example.nobsv2.Nobsv2Application     : Starting Nobsv2Application using Java 24 with PID 29512 (C:\Users\noxan\OneDrive\Escritorio\javaSpringBoot\nobsv2\target\classes started by noxan in C:\Users\noxan\OneDrive\Escritorio\javaSpringBoot\nobsv2)
2025-05-27T17:04:22.979-06:00  INFO 29512 --- [nobsv2] [main] com.example.nobsv2.Nobsv2Application     : No active profile set, falling back to 1 default profile: "default"
2025-05-27T17:04:24.861-06:00  INFO 29512 --- [nobsv2] [main] .s.d.r.c.RepositoryConfigurationDelegate : Bootstrapping Spring Data JPA repositories in DEFAULT mode.
2025-05-27T17:04:25.007-06:00  INFO 29512 --- [nobsv2] [main] .s.d.r.c.RepositoryConfigurationDelegate : Finished Spring Data repository scanning in 124 ms. Found 2 JPA repository interfaces.
2025-05-27T17:04:25.877-06:00  INFO 29512 --- [nobsv2] [main] o.s.b.w.embedded.tomcat.TomcatWebServer  : Tomcat initialized with port 8080 (http)
2025-05-27T17:04:25.899-06:00  INFO 29512 --- [nobsv2] [main] o.apache.catalina.core.StandardService   : Starting service [Tomcat]
2025-05-27T17:04:25.899-06:00  INFO 29512 --- [nobsv2] [main] o.apache.catalina.core.StandardEngine    : Starting Servlet engine: [Apache Tomcat/10.1.40]
2025-05-27T17:04:25.998-06:00  INFO 29512 --- [nobsv2] [main] o.a.c.c.C.[Tomcat].[localhost].[/]       : Initializing Spring embedded WebApplicationContext
2025-05-27T17:04:25.998-06:00  INFO 29512 --- [nobsv2] [main] w.s.c.ServletWebServerApplicationContext : Root WebApplicationContext: initialization completed in 2857 ms
2025-05-27T17:04:26.260-06:00  INFO 29512 --- [nobsv2] [main] com.zaxxer.hikari.HikariDataSource       : HikariPool-1 - Starting...
2025-05-27T17:04:26.860-06:00  INFO 29512 --- [nobsv2] [main] com.zaxxer.hikari.pool.HikariPool        : HikariPool-1 - Added connection com.mysql.cj.jdbc.ConnectionImpl@db99785
2025-05-27T17:04:26.863-06:00  INFO 29512 --- [nobsv2] [main] com.zaxxer.hikari.HikariDataSource       : HikariPool-1 - Start completed.
2025-05-27T17:04:26.972-06:00  INFO 29512 --- [nobsv2] [main] o.hibernate.jpa.internal.util.LogHelper  : HHH000204: Processing PersistenceUnitInfo [name: default]
2025-05-27T17:04:27.066-06:00  INFO 29512 --- [nobsv2] [main] org.hibernate.Version                    : HHH000412: Hibernate ORM core version 6.6.13.Final
2025-05-27T17:04:27.146-06:00  INFO 29512 --- [nobsv2] [main] o.h.c.internal.RegionFactoryInitiator    : HHH000026: Second-level cache disabled
2025-05-27T17:04:27.727-06:00  INFO 29512 --- [nobsv2] [main] o.s.o.j.p.SpringPersistenceUnitInfo      : No LoadTimeWeaver setup: ignoring JPA class transformer
2025-05-27T17:04:27.907-06:00  INFO 29512 --- [nobsv2] [main] org.hibernate.orm.connections.pooling    : HHH10001005: Database info:
	Database JDBC URL [Connecting through datasource 'HikariDataSource (HikariPool-1)']
	Database driver: undefined/unknown
	Database version: 8.0.31
	Autocommit mode: undefined/unknown
	Isolation level: undefined/unknown
	Minimum pool size: undefined/unknown
	Maximum pool size: undefined/unknown
2025-05-27T17:04:29.137-06:00  INFO 29512 --- [nobsv2] [main] o.h.e.t.j.p.i.JtaPlatformInitiator       : HHH000489: No JTA platform available (set 'hibernate.transaction.jta.platform' to enable JTA platform integration)
2025-05-27T17:04:29.141-06:00  INFO 29512 --- [nobsv2] [main] j.LocalContainerEntityManagerFactoryBean : Initialized JPA EntityManagerFactory for persistence unit 'default'
2025-05-27T17:04:29.726-06:00  INFO 29512 --- [nobsv2] [main] o.s.d.j.r.query.QueryEnhancerFactory     : Hibernate is in classpath; If applicable, HQL parser will be used.
2025-05-27T17:04:30.705-06:00  WARN 29512 --- [nobsv2] [main] JpaBaseConfiguration$JpaWebConfiguration : spring.jpa.open-in-view is enabled by default. Therefore, database queries may be performed during view rendering. Explicitly configure spring.jpa.open-in-view to disable this warning
2025-05-27T17:04:31.475-06:00  INFO 29512 --- [nobsv2] [main] o.s.b.w.embedded.tomcat.TomcatWebServer  : Tomcat started on port 8080 (http) with context path '/'
2025-05-27T17:04:31.489-06:00  INFO 29512 --- [nobsv2] [main] com.example.nobsv2.Nobsv2Application     : Started Nobsv2Application in 9.908 seconds (process running for 10.906)
2025-05-27T17:04:41.942-06:00  INFO 29512 --- [nobsv2] [http-nio-8080-exec-2] o.a.c.c.C.[Tomcat].[localhost].[/]       : Initializing Spring DispatcherServlet 'dispatcherServlet'
2025-05-27T17:04:41.942-06:00  INFO 29512 --- [nobsv2] [http-nio-8080-exec-2] o.s.web.servlet.DispatcherServlet        : Initializing Servlet 'dispatcherServlet'
2025-05-27T17:04:41.943-06:00  INFO 29512 --- [nobsv2] [http-nio-8080-exec-2] o.s.web.servlet.DispatcherServlet        : Completed initialization in 1 ms
2025-05-27T17:04:42.002-06:00  INFO 29512 --- [nobsv2] [http-nio-8080-exec-2] c.e.n.p.services.GetProductService       : Executing class com.example.nobsv2.product.services.GetProductService input: 4
2025-05-27T17:05:31.088-06:00  INFO 29512 --- [nobsv2] [http-nio-8080-exec-5] c.e.n.p.services.GetProductService       : Executing class com.example.nobsv2.product.services.UpdateProductService input: com.example.nobsv2.product.model.UpdateProductCommand@7928e8ea
2025-05-27T17:07:29.381-06:00  INFO 29512 --- [nobsv2] [SpringApplicationShutdownHook] o.s.b.w.e.tomcat.GracefulShutdown        : Commencing graceful shutdown. Waiting for active requests to complete
2025-05-27T17:07:29.402-06:00  INFO 29512 --- [nobsv2] [tomcat-shutdown] o.s.b.w.e.tomcat.GracefulShutdown        : Graceful shutdown complete
2025-05-27T17:07:29.406-06:00  INFO 29512 --- [nobsv2] [SpringApplicationShutdownHook] j.LocalContainerEntityManagerFactoryBean : Closing JPA EntityManagerFactory for persistence unit 'default'
2025-05-27T17:07:29.409-06:00  INFO 29512 --- [nobsv2] [SpringApplicationShutdownHook] com.zaxxer.hikari.HikariDataSource       : HikariPool-1 - Shutdown initiated...
2025-05-27T17:07:29.419-06:00  INFO 29512 --- [nobsv2] [SpringApplicationShutdownHook] com.zaxxer.hikari.HikariDataSource       : HikariPool-1 - Shutdown completed.
2025-05-27T17:15:58.594-06:00  INFO 3236 --- [nobsv2] [main] com.example.nobsv2.Nobsv2Application     : Starting Nobsv2Application using Java 24 with PID 3236 (C:\Users\noxan\OneDrive\Escritorio\javaSpringBoot\nobsv2\target\classes started by noxan in C:\Users\noxan\OneDrive\Escritorio\javaSpringBoot\nobsv2)
2025-05-27T17:15:58.598-06:00  INFO 3236 --- [nobsv2] [main] com.example.nobsv2.Nobsv2Application     : No active profile set, falling back to 1 default profile: "default"
2025-05-27T17:16:00.119-06:00  INFO 3236 --- [nobsv2] [main] .s.d.r.c.RepositoryConfigurationDelegate : Bootstrapping Spring Data JPA repositories in DEFAULT mode.
2025-05-27T17:16:00.284-06:00  INFO 3236 --- [nobsv2] [main] .s.d.r.c.RepositoryConfigurationDelegate : Finished Spring Data repository scanning in 143 ms. Found 2 JPA repository interfaces.
2025-05-27T17:16:01.564-06:00  INFO 3236 --- [nobsv2] [main] o.s.b.w.embedded.tomcat.TomcatWebServer  : Tomcat initialized with port 8080 (http)
2025-05-27T17:16:01.594-06:00  INFO 3236 --- [nobsv2] [main] o.apache.catalina.core.StandardService   : Starting service [Tomcat]
2025-05-27T17:16:01.594-06:00  INFO 3236 --- [nobsv2] [main] o.apache.catalina.core.StandardEngine    : Starting Servlet engine: [Apache Tomcat/10.1.40]
2025-05-27T17:16:01.732-06:00  INFO 3236 --- [nobsv2] [main] o.a.c.c.C.[Tomcat].[localhost].[/]       : Initializing Spring embedded WebApplicationContext
2025-05-27T17:16:01.732-06:00  INFO 3236 --- [nobsv2] [main] w.s.c.ServletWebServerApplicationContext : Root WebApplicationContext: initialization completed in 3016 ms
2025-05-27T17:16:02.052-06:00  INFO 3236 --- [nobsv2] [main] com.zaxxer.hikari.HikariDataSource       : HikariPool-1 - Starting...
2025-05-27T17:16:02.818-06:00  INFO 3236 --- [nobsv2] [main] com.zaxxer.hikari.pool.HikariPool        : HikariPool-1 - Added connection com.mysql.cj.jdbc.ConnectionImpl@5aa781f2
2025-05-27T17:16:02.822-06:00  INFO 3236 --- [nobsv2] [main] com.zaxxer.hikari.HikariDataSource       : HikariPool-1 - Start completed.
2025-05-27T17:16:02.931-06:00  INFO 3236 --- [nobsv2] [main] o.hibernate.jpa.internal.util.LogHelper  : HHH000204: Processing PersistenceUnitInfo [name: default]
2025-05-27T17:16:03.066-06:00  INFO 3236 --- [nobsv2] [main] org.hibernate.Version                    : HHH000412: Hibernate ORM core version 6.6.13.Final
2025-05-27T17:16:03.164-06:00  INFO 3236 --- [nobsv2] [main] o.h.c.internal.RegionFactoryInitiator    : HHH000026: Second-level cache disabled
2025-05-27T17:16:03.831-06:00  INFO 3236 --- [nobsv2] [main] o.s.o.j.p.SpringPersistenceUnitInfo      : No LoadTimeWeaver setup: ignoring JPA class transformer
2025-05-27T17:16:04.018-06:00  INFO 3236 --- [nobsv2] [main] org.hibernate.orm.connections.pooling    : HHH10001005: Database info:
	Database JDBC URL [Connecting through datasource 'HikariDataSource (HikariPool-1)']
	Database driver: undefined/unknown
	Database version: 8.0.31
	Autocommit mode: undefined/unknown
	Isolation level: undefined/unknown
	Minimum pool size: undefined/unknown
	Maximum pool size: undefined/unknown
2025-05-27T17:16:05.433-06:00  INFO 3236 --- [nobsv2] [main] o.h.e.t.j.p.i.JtaPlatformInitiator       : HHH000489: No JTA platform available (set 'hibernate.transaction.jta.platform' to enable JTA platform integration)
2025-05-27T17:16:05.437-06:00  INFO 3236 --- [nobsv2] [main] j.LocalContainerEntityManagerFactoryBean : Initialized JPA EntityManagerFactory for persistence unit 'default'
2025-05-27T17:16:06.078-06:00  INFO 3236 --- [nobsv2] [main] o.s.d.j.r.query.QueryEnhancerFactory     : Hibernate is in classpath; If applicable, HQL parser will be used.
2025-05-27T17:16:07.136-06:00  WARN 3236 --- [nobsv2] [main] JpaBaseConfiguration$JpaWebConfiguration : spring.jpa.open-in-view is enabled by default. Therefore, database queries may be performed during view rendering. Explicitly configure spring.jpa.open-in-view to disable this warning
2025-05-27T17:16:07.824-06:00  INFO 3236 --- [nobsv2] [main] o.s.b.w.embedded.tomcat.TomcatWebServer  : Tomcat started on port 8080 (http) with context path '/'
2025-05-27T17:16:07.842-06:00  INFO 3236 --- [nobsv2] [main] com.example.nobsv2.Nobsv2Application     : Started Nobsv2Application in 10.233 seconds (process running for 11.09)
2025-05-27T17:16:17.010-06:00  INFO 3236 --- [nobsv2] [SpringApplicationShutdownHook] o.s.b.w.e.tomcat.GracefulShutdown        : Commencing graceful shutdown. Waiting for active requests to complete
2025-05-27T17:16:17.032-06:00  INFO 3236 --- [nobsv2] [tomcat-shutdown] o.s.b.w.e.tomcat.GracefulShutdown        : Graceful shutdown complete
2025-05-27T17:16:17.037-06:00  INFO 3236 --- [nobsv2] [SpringApplicationShutdownHook] j.LocalContainerEntityManagerFactoryBean : Closing JPA EntityManagerFactory for persistence unit 'default'
2025-05-27T17:16:17.040-06:00  INFO 3236 --- [nobsv2] [SpringApplicationShutdownHook] com.zaxxer.hikari.HikariDataSource       : HikariPool-1 - Shutdown initiated...
2025-05-27T17:16:17.053-06:00  INFO 3236 --- [nobsv2] [SpringApplicationShutdownHook] com.zaxxer.hikari.HikariDataSource       : HikariPool-1 - Shutdown completed.
